2025-05-23 16:46:49,944 - INFO - Modelo entrenado.
2025-05-23 16:46:49,945 - INFO - RMSE: 0.4584
2025-05-23 16:46:49,946 - INFO - MAE: 0.2828
2025-05-23 16:46:49,946 - INFO - R²: 0.9993
2025-05-23 16:46:49,949 - INFO - Modelo guardado en: src/coca_cola/static/models/model.pkl
2025-05-23 17:39:19,686 - INFO - Modelo entrenado.
2025-05-23 17:39:19,687 - INFO - RMSE: 0.4584
2025-05-23 17:39:19,689 - INFO - MAE: 0.2828
2025-05-23 17:39:19,689 - INFO - R²: 0.9993
2025-05-23 17:39:19,693 - INFO - Modelo guardado en: src/coca_cola/static/models/model.pkl
2025-05-24 10:03:53,794 - INFO - Modelo entrenado.
2025-05-24 10:03:53,794 - INFO - RMSE: 0.4535
2025-05-24 10:03:53,794 - INFO - MAE: 0.2798
2025-05-24 10:03:53,794 - INFO - R²: 0.9993
2025-05-24 10:03:53,811 - INFO - Modelo guardado en: src/coca_cola/static/models/model.pkl
2025-06-05 18:20:38,323 - INFO - Modelo entrenado.
2025-06-05 18:20:38,350 - INFO - RMSE: 0.4850
2025-06-05 18:20:38,351 - INFO - MAE: 0.2973
2025-06-05 18:20:38,351 - INFO - R²: 0.9993
2025-06-05 18:20:38,385 - INFO - Modelo guardado en: src/coca_cola/static/models/model.pkl
2025-06-05 18:43:21,833 - INFO - Modelo entrenado.
2025-06-05 18:43:21,854 - INFO - RMSE: 0.4850
2025-06-05 18:43:21,855 - INFO - MAE: 0.2973
2025-06-05 18:43:21,857 - INFO - R²: 0.9993
2025-06-05 18:43:21,880 - INFO - Modelo guardado en: src/coca_cola/static/models/model.pkl
2025-06-05 18:43:57,659 - INFO - Modelo entrenado.
2025-06-05 18:43:57,660 - INFO - RMSE: 0.4850
2025-06-05 18:43:57,661 - INFO - MAE: 0.2973
2025-06-05 18:43:57,662 - INFO - R²: 0.9993
2025-06-05 18:43:57,665 - INFO - Modelo guardado en: src/coca_cola/static/models/model.pkl
